[debug] [2021-08-14T11:56:23.463Z] ----------------------------------------------------------------------
[debug] [2021-08-14T11:56:23.466Z] Command:       C:\Program Files\nodejs\node.exe C:\Users\faunb\AppData\Roaming\npm\node_modules\firebase-tools\lib\bin\firebase.js deploy
[debug] [2021-08-14T11:56:23.467Z] CLI Version:   9.16.0
[debug] [2021-08-14T11:56:23.467Z] Platform:      win32
[debug] [2021-08-14T11:56:23.467Z] Node Version:  v14.17.3
[debug] [2021-08-14T11:56:23.468Z] Time:          Sat Aug 14 2021 13:56:23 GMT+0200 (czas środkowoeuropejski letni)
[debug] [2021-08-14T11:56:23.468Z] ----------------------------------------------------------------------
[debug] 
[debug] [2021-08-14T11:56:23.519Z] > command requires scopes: ["email","openid","https://www.googleapis.com/auth/cloudplatformprojects.readonly","https://www.googleapis.com/auth/firebase","https://www.googleapis.com/auth/cloud-platform"]
[debug] [2021-08-14T11:56:23.519Z] > authorizing via signed-in user (faunbox2@gmail.com)
[debug] [2021-08-14T11:56:23.519Z] [iam] checking project fsoj-35b6d for permissions ["firebase.projects.get","firebasehosting.sites.update"]
[debug] [2021-08-14T11:56:23.521Z] > refreshing access token with scopes: ["email","https://www.googleapis.com/auth/cloud-platform","https://www.googleapis.com/auth/cloudplatformprojects.readonly","https://www.googleapis.com/auth/firebase","openid"]
[debug] [2021-08-14T11:56:23.521Z] >>> HTTP REQUEST POST https://www.googleapis.com/oauth2/v3/token  
 <request body omitted>
[debug] [2021-08-14T11:56:44.590Z] [iam] error while checking permissions, command may fail: FirebaseError: Authentication Error: Your credentials are no longer valid. Please run firebase login --reauth

For CI servers and headless environments, generate a new token with firebase login:ci
[debug] [2021-08-14T11:56:44.599Z] >>> [apiv2][query] GET https://firebase.googleapis.com/v1beta1/projects/fsoj-35b6d [none]
[debug] [2021-08-14T11:57:05.652Z] Failed to make request to https://firebase.googleapis.com/v1beta1/projects/fsoj-35b6d
[debug] [2021-08-14T11:57:05.668Z] FirebaseError: Failed to make request to https://firebase.googleapis.com/v1beta1/projects/fsoj-35b6d
    at Client.doRequest (C:\Users\faunb\AppData\Roaming\npm\node_modules\firebase-tools\lib\apiv2.js:211:19)
    at processTicksAndRejections (internal/process/task_queues.js:95:5)
    at async Client.request (C:\Users\faunb\AppData\Roaming\npm\node_modules\firebase-tools\lib\apiv2.js:96:20)
    at async Object.getFirebaseProject (C:\Users\faunb\AppData\Roaming\npm\node_modules\firebase-tools\lib\management\projects.js:290:21)
    at async Object.getDefaultHostingSite (C:\Users\faunb\AppData\Roaming\npm\node_modules\firebase-tools\lib\getDefaultHostingSite.js:8:21)
    at async requireHostingSite (C:\Users\faunb\AppData\Roaming\npm\node_modules\firebase-tools\lib\requireHostingSite.js:9:18)
    at async Object.fn (C:\Users\faunb\AppData\Roaming\npm\node_modules\firebase-tools\lib\commands\deploy.js:65:9)
    at async C:\Users\faunb\AppData\Roaming\npm\node_modules\firebase-tools\lib\command.js:169:17
[error] 
[error] Error: Failed to get Firebase project fsoj-35b6d. Please make sure the project exists and your account has permission to access it.
